L:\VS\MY_PROG\DEBUG\MY_PROG.EXE
L:\VS\MY_PROG\DEBUG\MY_PROG.ILK
L:\VS\MY_PROG\DEBUG\MY_PROG.PDB
L:\VS\my_prog\my_prog\Debug\cl.command.1.tlog
L:\VS\my_prog\my_prog\Debug\CL.read.1.tlog
L:\VS\my_prog\my_prog\Debug\CL.write.1.tlog
L:\VS\MY_PROG\MY_PROG\DEBUG\CODE.OBJ
L:\VS\my_prog\my_prog\Debug\link.2480.read.1.tlog
L:\VS\my_prog\my_prog\Debug\link.2480.write.1.tlog
L:\VS\my_prog\my_prog\Debug\link.2480-cvtres.read.1.tlog
L:\VS\my_prog\my_prog\Debug\link.2480-cvtres.write.1.tlog
L:\VS\my_prog\my_prog\Debug\link.command.1.tlog
L:\VS\my_prog\my_prog\Debug\link.read.1.tlog
L:\VS\my_prog\my_prog\Debug\link.write.1.tlog
L:\VS\my_prog\my_prog\Debug\link-cvtres.read.1.tlog
L:\VS\my_prog\my_prog\Debug\link-cvtres.write.1.tlog
L:\VS\my_prog\my_prog\Debug\mt.command.1.tlog
L:\VS\my_prog\my_prog\Debug\mt.read.1.tlog
L:\VS\my_prog\my_prog\Debug\mt.write.1.tlog
L:\VS\MY_PROG\MY_PROG\DEBUG\MY_PROG.EXE.EMBED.MANIFEST
L:\VS\MY_PROG\MY_PROG\DEBUG\MY_PROG.EXE.EMBED.MANIFEST.RES
L:\VS\MY_PROG\MY_PROG\DEBUG\MY_PROG.EXE.INTERMEDIATE.MANIFEST
L:\VS\my_prog\my_prog\Debug\my_prog_manifest.rc
L:\VS\my_prog\my_prog\Debug\rc.command.1.tlog
L:\VS\my_prog\my_prog\Debug\rc.read.1.tlog
L:\VS\my_prog\my_prog\Debug\rc.write.1.tlog
L:\VS\my_prog\my_prog\Debug\vc100.idb
L:\VS\MY_PROG\MY_PROG\DEBUG\VC100.PDB
